# JRE version: Java(TM) SE Runtime Environment (8.0_05-b13) (build 1.8.0_05-b13)
# Java VM: Java HotSpot(TM) 64-Bit Server VM (25.5-b02 mixed mode bsd-amd64 compressed oops)
Heap:
 PSYoungGen      total 8192K, used 6836K [0x0000000795580000, 0x0000000795e80000, 0x00000007c0000000)
  eden space 7680K, 88% used [0x0000000795580000,0x0000000795c1d2e0,0x0000000795d00000)
  from space 512K, 12% used [0x0000000795d80000,0x0000000795d90000,0x0000000795e00000)
  to   space 512K, 0% used [0x0000000795e00000,0x0000000795e00000,0x0000000795e80000)
 ParOldGen       total 129536K, used 3046K [0x0000000740000000, 0x0000000747e80000, 0x0000000795580000)
  object space 129536K, 2% used [0x0000000740000000,0x00000007402f9ba8,0x0000000747e80000)
 Metaspace       used 8971K, capacity 9135K, committed 9216K, reserved 1056768K
  class space    used 931K, capacity 978K, committed 1024K, reserved 1048576K
GC Heap History (10 events):
Event: 182.855 GC heap before
{Heap before GC invocations=39 (full 0):
 PSYoungGen      total 8704K, used 7744K [0x0000000795580000, 0x0000000795f00000, 0x00000007c0000000)
  eden space 7680K, 100% used [0x0000000795580000,0x0000000795d00000,0x0000000795d00000)
  from space 1024K, 6% used [0x0000000795e00000,0x0000000795e10000,0x0000000795f00000)
  to   space 1024K, 0% used [0x0000000795d00000,0x0000000795d00000,0x0000000795e00000)
 ParOldGen       total 129536K, used 2998K [0x0000000740000000, 0x0000000747e80000, 0x0000000795580000)
  object space 129536K, 2% used [0x0000000740000000,0x00000007402edba8,0x0000000747e80000)
 Metaspace       used 8959K, capacity 9135K, committed 9216K, reserved 1056768K
  class space    used 930K, capacity 978K, committed 1024K, reserved 1048576K
Event: 182.855 GC heap after
Heap after GC invocations=39 (full 0):
 PSYoungGen      total 8704K, used 32K [0x0000000795580000, 0x0000000795f00000, 0x00000007c0000000)
  eden space 7680K, 0% used [0x0000000795580000,0x0000000795580000,0x0000000795d00000)
  from space 1024K, 3% used [0x0000000795d00000,0x0000000795d08000,0x0000000795e00000)
  to   space 1024K, 0% used [0x0000000795e00000,0x0000000795e00000,0x0000000795f00000)
 ParOldGen       total 129536K, used 3022K [0x0000000740000000, 0x0000000747e80000, 0x0000000795580000)
  object space 129536K, 2% used [0x0000000740000000,0x00000007402f3ba8,0x0000000747e80000)
 Metaspace       used 8959K, capacity 9135K, committed 9216K, reserved 1056768K
  class space    used 930K, capacity 978K, committed 1024K, reserved 1048576K
}
Event: 188.868 GC heap before
{Heap before GC invocations=40 (full 0):
 PSYoungGen      total 8704K, used 7712K [0x0000000795580000, 0x0000000795f00000, 0x00000007c0000000)
  eden space 7680K, 100% used [0x0000000795580000,0x0000000795d00000,0x0000000795d00000)
  from space 1024K, 3% used [0x0000000795d00000,0x0000000795d08000,0x0000000795e00000)
  to   space 1024K, 0% used [0x0000000795e00000,0x0000000795e00000,0x0000000795f00000)
 ParOldGen       total 129536K, used 3022K [0x0000000740000000, 0x0000000747e80000, 0x0000000795580000)
  object space 129536K, 2% used [0x0000000740000000,0x00000007402f3ba8,0x0000000747e80000)
 Metaspace       used 8959K, capacity 9135K, committed 9216K, reserved 1056768K
  class space    used 930K, capacity 978K, committed 1024K, reserved 1048576K
Event: 188.869 GC heap after
Heap after GC invocations=40 (full 0):
 PSYoungGen      total 8192K, used 64K [0x0000000795580000, 0x0000000795e80000, 0x00000007c0000000)
  eden space 7680K, 0% used [0x0000000795580000,0x0000000795580000,0x0000000795d00000)
  from space 512K, 12% used [0x0000000795e00000,0x0000000795e10000,0x0000000795e80000)
  to   space 512K, 0% used [0x0000000795d80000,0x0000000795d80000,0x0000000795e00000)
 ParOldGen       total 129536K, used 3022K [0x0000000740000000, 0x0000000747e80000, 0x0000000795580000)
  object space 129536K, 2% used [0x0000000740000000,0x00000007402f3ba8,0x0000000747e80000)
 Metaspace       used 8959K, capacity 9135K, committed 9216K, reserved 1056768K
  class space    used 930K, capacity 978K, committed 1024K, reserved 1048576K
}
Event: 194.872 GC heap before
{Heap before GC invocations=41 (full 0):
 PSYoungGen      total 8192K, used 7744K [0x0000000795580000, 0x0000000795e80000, 0x00000007c0000000)
  eden space 7680K, 100% used [0x0000000795580000,0x0000000795d00000,0x0000000795d00000)
  from space 512K, 12% used [0x0000000795e00000,0x0000000795e10000,0x0000000795e80000)
  to   space 512K, 0% used [0x0000000795d80000,0x0000000795d80000,0x0000000795e00000)
 ParOldGen       total 129536K, used 3022K [0x0000000740000000, 0x0000000747e80000, 0x0000000795580000)
  object space 129536K, 2% used [0x0000000740000000,0x00000007402f3ba8,0x0000000747e80000)
 Metaspace       used 8959K, capacity 9135K, committed 9216K, reserved 1056768K
  class space    used 930K, capacity 978K, committed 1024K, reserved 1048576K
Event: 194.872 GC heap after
Heap after GC invocations=41 (full 0):
 PSYoungGen      total 8192K, used 32K [0x0000000795580000, 0x0000000795e80000, 0x00000007c0000000)
  eden space 7680K, 0% used [0x0000000795580000,0x0000000795580000,0x0000000795d00000)
  from space 512K, 6% used [0x0000000795d80000,0x0000000795d88000,0x0000000795e00000)
  to   space 512K, 0% used [0x0000000795e00000,0x0000000795e00000,0x0000000795e80000)
 ParOldGen       total 129536K, used 3030K [0x0000000740000000, 0x0000000747e80000, 0x0000000795580000)
  object space 129536K, 2% used [0x0000000740000000,0x00000007402f5ba8,0x0000000747e80000)
 Metaspace       used 8959K, capacity 9135K, committed 9216K, reserved 1056768K
  class space    used 930K, capacity 978K, committed 1024K, reserved 1048576K
}
Event: 200.755 GC heap before
{Heap before GC invocations=42 (full 0):
 PSYoungGen      total 8192K, used 7712K [0x0000000795580000, 0x0000000795e80000, 0x00000007c0000000)
  eden space 7680K, 100% used [0x0000000795580000,0x0000000795d00000,0x0000000795d00000)
  from space 512K, 6% used [0x0000000795d80000,0x0000000795d88000,0x0000000795e00000)
  to   space 512K, 0% used [0x0000000795e00000,0x0000000795e00000,0x0000000795e80000)
 ParOldGen       total 129536K, used 3030K [0x0000000740000000, 0x0000000747e80000, 0x0000000795580000)
  object space 129536K, 2% used [0x0000000740000000,0x00000007402f5ba8,0x0000000747e80000)
 Metaspace       used 8959K, capacity 9135K, committed 9216K, reserved 1056768K
  class space    used 930K, capacity 978K, committed 1024K, reserved 1048576K
Event: 200.755 GC heap after
Heap after GC invocations=42 (full 0):
 PSYoungGen      total 8192K, used 32K [0x0000000795580000, 0x0000000795e80000, 0x00000007c0000000)
  eden space 7680K, 0% used [0x0000000795580000,0x0000000795580000,0x0000000795d00000)
  from space 512K, 6% used [0x0000000795e00000,0x0000000795e08000,0x0000000795e80000)
  to   space 512K, 0% used [0x0000000795d80000,0x0000000795d80000,0x0000000795e00000)
 ParOldGen       total 129536K, used 3046K [0x0000000740000000, 0x0000000747e80000, 0x0000000795580000)
  object space 129536K, 2% used [0x0000000740000000,0x00000007402f9ba8,0x0000000747e80000)
 Metaspace       used 8959K, capacity 9135K, committed 9216K, reserved 1056768K
  class space    used 930K, capacity 978K, committed 1024K, reserved 1048576K
}
Event: 206.759 GC heap before
{Heap before GC invocations=43 (full 0):
 PSYoungGen      total 8192K, used 7712K [0x0000000795580000, 0x0000000795e80000, 0x00000007c0000000)
  eden space 7680K, 100% used [0x0000000795580000,0x0000000795d00000,0x0000000795d00000)
  from space 512K, 6% used [0x0000000795e00000,0x0000000795e08000,0x0000000795e80000)
  to   space 512K, 0% used [0x0000000795d80000,0x0000000795d80000,0x0000000795e00000)
 ParOldGen       total 129536K, used 3046K [0x0000000740000000, 0x0000000747e80000, 0x0000000795580000)
  object space 129536K, 2% used [0x0000000740000000,0x00000007402f9ba8,0x0000000747e80000)
 Metaspace       used 8959K, capacity 9135K, committed 9216K, reserved 1056768K
  class space    used 930K, capacity 978K, committed 1024K, reserved 1048576K
Event: 206.760 GC heap after
Heap after GC invocations=43 (full 0):
 PSYoungGen      total 8192K, used 64K [0x0000000795580000, 0x0000000795e80000, 0x00000007c0000000)
  eden space 7680K, 0% used [0x0000000795580000,0x0000000795580000,0x0000000795d00000)
  from space 512K, 12% used [0x0000000795d80000,0x0000000795d90000,0x0000000795e00000)
  to   space 512K, 0% used [0x0000000795e00000,0x0000000795e00000,0x0000000795e80000)
 ParOldGen       total 129536K, used 3046K [0x0000000740000000, 0x0000000747e80000, 0x0000000795580000)
  object space 129536K, 2% used [0x0000000740000000,0x00000007402f9ba8,0x0000000747e80000)
 Metaspace       used 8959K, capacity 9135K, committed 9216K, reserved 1056768K
  class space    used 930K, capacity 978K, committed 1024K, reserved 1048576K
}

